__main__ 2023-02-20 19:54:59,244 INFO Задайте количество воды объемом до 1.0л :  1
__main__ 2023-02-20 19:54:59,244 INFO Можете включить чайник
__main__ 2023-02-20 19:54:59,244 INFO Задайте 'On' или 'Off' чайнику: On
__main__ 2023-02-20 19:54:59,244 INFO Чайник включен
__main__ 2023-02-20 19:54:59,244 INFO Зажмите 'p', чтобы выключить. Выключится сама через 10 секунд
__main__ 2023-02-20 19:54:59,244 INFO 1
__main__ 2023-02-20 19:55:00,252 INFO Температура: 10°C
__main__ 2023-02-20 19:55:00,461 INFO 2
__main__ 2023-02-20 19:55:01,475 INFO Температура: 20°C
__main__ 2023-02-20 19:55:01,475 INFO 3
__main__ 2023-02-20 19:55:02,477 INFO Температура: 30°C
__main__ 2023-02-20 19:55:02,477 INFO 4
__main__ 2023-02-20 19:55:03,479 INFO Температура: 40°C
__main__ 2023-02-20 19:55:03,479 INFO 5
__main__ 2023-02-20 19:55:04,480 INFO Температура: 50°C
__main__ 2023-02-20 19:55:04,480 INFO 6
__main__ 2023-02-20 19:55:05,481 INFO Температура: 60°C
__main__ 2023-02-20 19:55:05,481 INFO 7
__main__ 2023-02-20 19:55:06,483 INFO Температура: 70°C
__main__ 2023-02-20 19:55:06,483 INFO 8
__main__ 2023-02-20 19:55:07,484 INFO Температура: 80°C
__main__ 2023-02-20 19:55:07,484 INFO 9
__main__ 2023-02-20 19:55:08,486 INFO Температура: 90°C
__main__ 2023-02-20 19:55:08,486 INFO 10
__main__ 2023-02-20 19:55:09,487 INFO Температура: 100°C
__main__ 2023-02-20 19:55:09,487 INFO Вскипел
